#! /c/Source/iverilog-install/bin/vvp
:ivl_version "12.0 (devel)" "(s20150603-1539-g2693dd32b)";
:ivl_delay_selection "TYPICAL";
:vpi_time_precision + 0;
:vpi_module "C:\iverilog\lib\ivl\system.vpi";
:vpi_module "C:\iverilog\lib\ivl\vhdl_sys.vpi";
:vpi_module "C:\iverilog\lib\ivl\vhdl_textio.vpi";
:vpi_module "C:\iverilog\lib\ivl\v2005_math.vpi";
:vpi_module "C:\iverilog\lib\ivl\va_math.vpi";
S_000001884a2b2ce0 .scope module, "InstructionMemory" "InstructionMemory" 2 1;
 .timescale 0 0;
    .port_info 0 /INPUT 1 "clk";
    .port_info 1 /INPUT 32 "PC";
    .port_info 2 /OUTPUT 32 "instruction";
o000001884a2e6ee8 .functor BUFZ 32, C4<zzzzzzzzzzzzzzzzzzzzzzzzzzzzzzzz>; HiZ drive
v000001884a2b36f0_0 .net "PC", 31 0, o000001884a2e6ee8;  0 drivers
o000001884a2e6f18 .functor BUFZ 1, C4<z>; HiZ drive
v000001884a2b3360_0 .net "clk", 0 0, o000001884a2e6f18;  0 drivers
v000001884a2b2e70_0 .var "instruction", 31 0;
v000001884a2b2f10 .array "mem", 0 255, 31 0;
E_000001884a2e4f00 .event posedge, v000001884a2b3360_0;
    .scope S_000001884a2b2ce0;
T_0 ;
    %vpi_call 2 9 "$readmemh", "instructions.mem", v000001884a2b2f10 {0 0 0};
    %end;
    .thread T_0;
    .scope S_000001884a2b2ce0;
T_1 ;
    %wait E_000001884a2e4f00;
    %ix/getv 4, v000001884a2b36f0_0;
    %load/vec4a v000001884a2b2f10, 4;
    %assign/vec4 v000001884a2b2e70_0, 0;
    %jmp T_1;
    .thread T_1;
# The file index is used to find the file name in the following table.
:file_names 3;
    "N/A";
    "<interactive>";
    "InstructionMemory.v";
